<?xml version="1.0" encoding="UTF-8"?>
<!-- Generated by org.testng.reporters.JUnitXMLReporter -->
<testsuite hostname="Sunil" name="BioMetricDeviceTest" tests="2" failures="0" timestamp="6 Mar 2019 06:04:32 GMT" time="14.323" errors="0">
  <testcase name="initializeMorpho" time="7.475" classname="com.ro.biometricdevicetestcase.MantraBiometricTest"/>
  <testcase name="initializeMorpho" time="6.809" classname="com.ro.biometricdevicetestcase.MorphoBiometricTest"/>
</testsuite> <!-- BioMetricDeviceTest -->
