<?xml version="1.0" encoding="UTF-8"?>
<!-- Generated by org.testng.reporters.JUnitXMLReporter -->
<testsuite hostname="Sunil" failures="0" tests="2" name="MobileRechargeTest" time="14.894" errors="0" timestamp="22 Feb 2019 05:35:33 GMT">
  <testcase classname="com.ro.biometricdevicetestcase.MantraBiometricTest" name="initializeMorpho" time="7.455"/>
  <testcase classname="com.ro.biometricdevicetestcase.MorphoBiometricTest" name="initializeMorpho" time="7.389"/>
</testsuite> <!-- MobileRechargeTest -->
