<?xml version="1.0" encoding="UTF-8"?>
<testng-results skipped="0" failed="0" total="1" passed="1">
  <reporter-output>
  </reporter-output>
  <suite name="Default suite" duration-ms="34494" started-at="2019-06-21T10:53:25Z" finished-at="2019-06-21T10:53:59Z">
    <groups>
    </groups>
    <test name="Default test" duration-ms="34494" started-at="2019-06-21T10:53:25Z" finished-at="2019-06-21T10:53:59Z">
      <class name="com.ro.aremittestcase.AremitTest">
        <test-method status="PASS" signature="initializeAremit()[pri:0, instance:com.ro.aremittestcase.AremitTest@23f5b5dc]" name="initializeAremit" duration-ms="33613" started-at="2019-06-21T16:23:25Z" finished-at="2019-06-21T16:23:59Z">
          <reporter-output>
          </reporter-output>
        </test-method> <!-- initializeAremit -->
        <test-method status="PASS" signature="closeBrowser()[pri:0, instance:com.ro.aremittestcase.AremitTest@23f5b5dc]" name="closeBrowser" is-config="true" duration-ms="854" started-at="2019-06-21T16:23:59Z" finished-at="2019-06-21T16:23:59Z">
          <reporter-output>
          </reporter-output>
        </test-method> <!-- closeBrowser -->
      </class> <!-- com.ro.aremittestcase.AremitTest -->
    </test> <!-- Default test -->
  </suite> <!-- Default suite -->
</testng-results>
